Flow report for __dse_temp_rev
Sun Dec 07 10:25:40 2025
Quartus II 64-Bit Version 13.0.1 Build 232 06/12/2013 Service Pack 1 SJ Web Edition


---------------------
; Table of Contents ;
---------------------
  1. Legal Notice
  2. Flow Summary
  3. Flow Settings
  4. Flow Non-Default Global Settings
  5. Flow Elapsed Time
  6. Flow OS Summary
  7. Flow Log
  8. Flow Messages
  9. Flow Suppressed Messages



----------------
; Legal Notice ;
----------------
Copyright (C) 1991-2013 Altera Corporation
Your use of Altera Corporation's design tools, logic functions 
and other software and tools, and its AMPP partner logic 
functions, and any output files from any of the foregoing 
(including device programming or simulation files), and any 
associated documentation or information are expressly subject 
to the terms and conditions of the Altera Program License 
Subscription Agreement, Altera MegaCore Function License 
Agreement, or other applicable license agreement, including, 
without limitation, that your use is for the sole purpose of 
programming logic devices manufactured by Altera and sold by 
Altera or its authorized distributors.  Please refer to the 
applicable agreement for further details.



+--------------------------------------------------------------------------------------+
; Flow Summary                                                                         ;
+------------------------------------+-------------------------------------------------+
; Flow Status                        ; Successful - Sun Dec 07 10:25:40 2025           ;
; Quartus II 64-Bit Version          ; 13.0.1 Build 232 06/12/2013 SP 1 SJ Web Edition ;
; Revision Name                      ; __dse_temp_rev                                  ;
; Top-level Entity Name              ; CPU_pipeline                                    ;
; Family                             ; Cyclone II                                      ;
; Device                             ; EP2C35F672C6                                    ;
; Timing Models                      ; Final                                           ;
; Total logic elements               ; 2,609 / 33,216 ( 8 % )                          ;
;     Total combinational functions  ; 2,130 / 33,216 ( 6 % )                          ;
;     Dedicated logic registers      ; 1,452 / 33,216 ( 4 % )                          ;
; Total registers                    ; 1452                                            ;
; Total pins                         ; 130 / 475 ( 27 % )                              ;
; Total virtual pins                 ; 0                                               ;
; Total memory bits                  ; 0 / 483,840 ( 0 % )                             ;
; Embedded Multiplier 9-bit elements ; 0 / 70 ( 0 % )                                  ;
; Total PLLs                         ; 0 / 4 ( 0 % )                                   ;
+------------------------------------+-------------------------------------------------+


+-----------------------------------------+
; Flow Settings                           ;
+-------------------+---------------------+
; Option            ; Setting             ;
+-------------------+---------------------+
; Start date & time ; 12/07/2025 10:24:22 ;
; Main task         ; Compilation         ;
; Revision Name     ; __dse_temp_rev      ;
+-------------------+---------------------+


+------------------------------------------------------------------------------------------------------------------------------------------------------------+
; Flow Non-Default Global Settings                                                                                                                           ;
+---------------------------------------------------+---------------------------------------+--------------------------------+--------------+----------------+
; Assignment Name                                   ; Value                                 ; Default Value                  ; Entity Name  ; Section Id     ;
+---------------------------------------------------+---------------------------------------+--------------------------------+--------------+----------------+
; ADV_NETLIST_OPT_SYNTH_WYSIWYG_REMAP               ; On                                    ; Off                            ; --           ; --             ;
; COMPILER_SIGNATURE_ID                             ; 123745743538334.176507786209968       ; --                             ; --           ; --             ;
; CYCLONEII_OPTIMIZATION_TECHNIQUE                  ; Speed                                 ; Balanced                       ; --           ; --             ;
; EDA_DESIGN_INSTANCE_NAME                          ; NA                                    ; --                             ; --           ; tb1            ;
; EDA_GENERATE_FUNCTIONAL_NETLIST                   ; On                                    ; --                             ; --           ; eda_simulation ;
; EDA_NATIVELINK_SIMULATION_TEST_BENCH              ; tb1                                   ; --                             ; --           ; eda_simulation ;
; EDA_OUTPUT_DATA_FORMAT                            ; Verilog Hdl                           ; --                             ; --           ; eda_simulation ;
; EDA_SIMULATION_TOOL                               ; ModelSim-Altera (Verilog)             ; <None>                         ; --           ; --             ;
; EDA_TEST_BENCH_ENABLE_STATUS                      ; TEST_BENCH_MODE                       ; --                             ; --           ; eda_simulation ;
; EDA_TEST_BENCH_FILE                               ; tb_shifter.v                          ; --                             ; --           ; tb1            ;
; EDA_TEST_BENCH_MODULE_NAME                        ; tb_shifter                            ; --                             ; --           ; tb1            ;
; EDA_TEST_BENCH_NAME                               ; tb1                                   ; --                             ; --           ; eda_simulation ;
; EDA_TIME_SCALE                                    ; 1 ps                                  ; --                             ; --           ; eda_simulation ;
; ENABLE_DRC_SETTINGS                               ; On                                    ; Off                            ; --           ; --             ;
; IP_TOOL_NAME                                      ; LPM_ADD_SUB                           ; --                             ; --           ; --             ;
; IP_TOOL_NAME                                      ; LPM_ADD_SUB                           ; --                             ; --           ; --             ;
; IP_TOOL_NAME                                      ; LPM_COMPARE                           ; --                             ; --           ; --             ;
; IP_TOOL_VERSION                                   ; 13.0                                  ; --                             ; --           ; --             ;
; IP_TOOL_VERSION                                   ; 13.0                                  ; --                             ; --           ; --             ;
; IP_TOOL_VERSION                                   ; 13.0                                  ; --                             ; --           ; --             ;
; MAX_CORE_JUNCTION_TEMP                            ; 85                                    ; --                             ; --           ; --             ;
; MIN_CORE_JUNCTION_TEMP                            ; 0                                     ; --                             ; --           ; --             ;
; MISC_FILE                                         ; lpm_add_sub1.bsf                      ; --                             ; --           ; --             ;
; MISC_FILE                                         ; lpm_add_sub1_bb.v                     ; --                             ; --           ; --             ;
; MISC_FILE                                         ; lpm_add_sub2.bsf                      ; --                             ; --           ; --             ;
; MISC_FILE                                         ; lpm_add_sub2_bb.v                     ; --                             ; --           ; --             ;
; MISC_FILE                                         ; lpm_compare0.bsf                      ; --                             ; --           ; --             ;
; MISC_FILE                                         ; lpm_compare0_bb.v                     ; --                             ; --           ; --             ;
; MUX_RESTRUCTURE                                   ; Off                                   ; Auto                           ; --           ; --             ;
; OPTIMIZE_HOLD_TIMING                              ; All Paths                             ; IO Paths and Minimum TPD Paths ; --           ; --             ;
; PARTITION_COLOR                                   ; 16764057                              ; --                             ; CPU_pipeline ; Top            ;
; PARTITION_FITTER_PRESERVATION_LEVEL               ; PLACEMENT_AND_ROUTING                 ; --                             ; CPU_pipeline ; Top            ;
; PARTITION_NETLIST_TYPE                            ; SOURCE                                ; --                             ; CPU_pipeline ; Top            ;
; PHYSICAL_SYNTHESIS_ASYNCHRONOUS_SIGNAL_PIPELINING ; On                                    ; Off                            ; --           ; --             ;
; PHYSICAL_SYNTHESIS_COMBO_LOGIC                    ; On                                    ; Off                            ; --           ; --             ;
; PHYSICAL_SYNTHESIS_COMBO_LOGIC_FOR_AREA           ; On                                    ; Off                            ; --           ; --             ;
; PHYSICAL_SYNTHESIS_MAP_LOGIC_TO_MEMORY_FOR_AREA   ; On                                    ; Off                            ; --           ; --             ;
; PHYSICAL_SYNTHESIS_REGISTER_DUPLICATION           ; On                                    ; Off                            ; --           ; --             ;
; PHYSICAL_SYNTHESIS_REGISTER_RETIMING              ; On                                    ; Off                            ; --           ; --             ;
; POWER_BOARD_THERMAL_MODEL                         ; None (CONSERVATIVE)                   ; --                             ; --           ; --             ;
; POWER_PRESET_COOLING_SOLUTION                     ; 23 MM HEAT SINK WITH 200 LFPM AIRFLOW ; --                             ; --           ; --             ;
; PROJECT_OUTPUT_DIRECTORY                          ; output_files                          ; --                             ; --           ; --             ;
; ROUTER_LCELL_INSERTION_AND_LOGIC_DUPLICATION      ; On                                    ; Auto                           ; --           ; --             ;
; ROUTER_TIMING_OPTIMIZATION_LEVEL                  ; MAXIMUM                               ; Normal                         ; --           ; --             ;
; SEED                                              ; 10                                    ; 1                              ; --           ; --             ;
; STATE_MACHINE_PROCESSING                          ; One-Hot                               ; Auto                           ; --           ; --             ;
; SYNTH_TIMING_DRIVEN_SYNTHESIS                     ; On                                    ; Off                            ; --           ; --             ;
; TOP_LEVEL_ENTITY                                  ; CPU_pipeline                          ; __dse_temp_rev                 ; --           ; --             ;
+---------------------------------------------------+---------------------------------------+--------------------------------+--------------+----------------+


+-------------------------------------------------------------------------------------------------------------------------------+
; Flow Elapsed Time                                                                                                             ;
+---------------------------+--------------+-------------------------+---------------------+------------------------------------+
; Module Name               ; Elapsed Time ; Average Processors Used ; Peak Virtual Memory ; Total CPU Time (on all processors) ;
+---------------------------+--------------+-------------------------+---------------------+------------------------------------+
; Analysis & Synthesis      ; 00:00:21     ; 1.0                     ; 4664 MB             ; 00:00:21                           ;
; Fitter                    ; 00:00:40     ; 1.0                     ; 4936 MB             ; 00:00:40                           ;
; Assembler                 ; 00:00:02     ; 1.0                     ; 4593 MB             ; 00:00:03                           ;
; TimeQuest Timing Analyzer ; 00:00:02     ; 1.0                     ; 4608 MB             ; 00:00:02                           ;
; Design Assistant          ; 00:00:01     ; 1.0                     ; 4578 MB             ; 00:00:01                           ;
; EDA Netlist Writer        ; 00:00:01     ; 1.0                     ; 4553 MB             ; 00:00:01                           ;
; Total                     ; 00:01:07     ; --                      ; --                  ; 00:01:08                           ;
+---------------------------+--------------+-------------------------+---------------------+------------------------------------+


+----------------------------------------------------------------------------------------+
; Flow OS Summary                                                                        ;
+---------------------------+------------------+-----------+------------+----------------+
; Module Name               ; Machine Hostname ; OS Name   ; OS Version ; Processor type ;
+---------------------------+------------------+-----------+------------+----------------+
; Analysis & Synthesis      ; DESKTOP-KSJ6IPN  ; Windows 7 ; 6.2        ; x86_64         ;
; Fitter                    ; DESKTOP-KSJ6IPN  ; Windows 7 ; 6.2        ; x86_64         ;
; Assembler                 ; DESKTOP-KSJ6IPN  ; Windows 7 ; 6.2        ; x86_64         ;
; TimeQuest Timing Analyzer ; DESKTOP-KSJ6IPN  ; Windows 7 ; 6.2        ; x86_64         ;
; Design Assistant          ; DESKTOP-KSJ6IPN  ; Windows 7 ; 6.2        ; x86_64         ;
; EDA Netlist Writer        ; DESKTOP-KSJ6IPN  ; Windows 7 ; 6.2        ; x86_64         ;
+---------------------------+------------------+-----------+------------+----------------+


------------
; Flow Log ;
------------
quartus_map --read_settings_files=on --write_settings_files=off lab6 -c __dse_temp_rev
quartus_fit --read_settings_files=off --write_settings_files=off lab6 -c __dse_temp_rev
quartus_asm --read_settings_files=off --write_settings_files=off lab6 -c __dse_temp_rev
quartus_sta lab6 -c __dse_temp_rev
quartus_drc --read_settings_files=off --write_settings_files=off lab6 -c __dse_temp_rev
quartus_eda --read_settings_files=off --write_settings_files=off lab6 -c __dse_temp_rev



