Archive Project report for __dse_temp_rev
Sun Dec 07 09:50:47 2025
Quartus II 64-Bit Version 13.0.1 Build 232 06/12/2013 Service Pack 1 SJ Web Edition


---------------------
; Table of Contents ;
---------------------
  1. Legal Notice
  2. Archive Project Summary
  3. Archive Project Messages
  4. Files Archived



----------------
; Legal Notice ;
----------------
Copyright (C) 1991-2013 Altera Corporation
Your use of Altera Corporation's design tools, logic functions 
and other software and tools, and its AMPP partner logic 
functions, and any output files from any of the foregoing 
(including device programming or simulation files), and any 
associated documentation or information are expressly subject 
to the terms and conditions of the Altera Program License 
Subscription Agreement, Altera MegaCore Function License 
Agreement, or other applicable license agreement, including, 
without limitation, that your use is for the sole purpose of 
programming logic devices manufactured by Altera and sold by 
Altera or its authorized distributors.  Please refer to the 
applicable agreement for further details.



+----------------------------------------------------------------+
; Archive Project Summary                                        ;
+------------------------+---------------------------------------+
; Archive Project Status ; Successful - Sun Dec 07 09:50:47 2025 ;
; Revision Name          ; __dse_temp_rev                        ;
; Top-level Entity Name  ; CPU_pipeline                          ;
; Family                 ; Cyclone II                            ;
+------------------------+---------------------------------------+


+--------------------------+
; Archive Project Messages ;
+--------------------------+
Info: File Set 'Compilation Results' contains:
    Info: Project source and settings files
    Info: Automatically detected source files
    Info: Report files
    Info: Programming output files
    Info: Compilation database files (only usable in Quartus II 64-Bit Version 13.0.1 Build 232 06/12/2013 Service Pack 1 SJ Web Edition)
    Info: Incremental compilation database files
Info: ----------------------------------------------------------
Info: ----------------------------------------------------------
Info: Generated archive 'best.qar'
Info: ----------------------------------------------------------
Info: ----------------------------------------------------------
Info: Generated report '__dse_temp_rev.archive.rpt'


+-----------------------------------------------------------------------------------+
; Files Archived                                                                    ;
+-----------------------------------------------------------------------------------+
; File Name                                                                         ;
+-----------------------------------------------------------------------------------+
; __dse_temp_rev.qsf                                                                ;
; Add4.bdf                                                                          ;
; add4_pg_generator.bdf                                                             ;
; add4pg.bdf                                                                        ;
; add4pg_carrygenerator.bdf                                                         ;
; add4pg_cout.bdf                                                                   ;
; Adder.bdf                                                                         ;
; ALU.bdf                                                                           ;
; alu.vwf                                                                           ;
; ALU_Fast.v                                                                        ;
; ALUControl.bdf                                                                    ;
; aluctrl.vwf                                                                       ;
; and32.bdf                                                                         ;
; binary.txt                                                                        ;
; bit.vwf                                                                           ;
; bit_reverse32.bdf                                                                 ;
; bit_slice.bdf                                                                     ;
; bit_slice32.bdf                                                                   ;
; c:/altera/13.0sp1/quartus/bin64/assignment_defaults.qdf                           ;
; cla.vwf                                                                           ;
; CLA32.bdf                                                                         ;
; control.vwf                                                                       ;
; control_mux.bdf                                                                   ;
; ControlUnit.bdf                                                                   ;
; CPU.bdf                                                                           ;
; cpu.vwf                                                                           ;
; CPU_pipeline.bdf                                                                  ;
; cpu_pipeline.sdc                                                                  ;
; cpu_pipeline.vwf                                                                  ;
; cpu_pipiline_promax.bdf                                                           ;
; cpupipeline.vwf                                                                   ;
; D:/CE118/lab6/lab6/cpupipeline.vwf                                                ;
; DataMemory.bdf                                                                    ;
; db/__dse_temp_rev.(0).cnf.cdb                                                     ;
; db/__dse_temp_rev.(0).cnf.hdb                                                     ;
; db/__dse_temp_rev.(1).cnf.cdb                                                     ;
; db/__dse_temp_rev.(1).cnf.hdb                                                     ;
; db/__dse_temp_rev.(2).cnf.cdb                                                     ;
; db/__dse_temp_rev.(2).cnf.hdb                                                     ;
; db/__dse_temp_rev.(3).cnf.cdb                                                     ;
; db/__dse_temp_rev.(3).cnf.hdb                                                     ;
; db/__dse_temp_rev.(4).cnf.cdb                                                     ;
; db/__dse_temp_rev.(4).cnf.hdb                                                     ;
; db/__dse_temp_rev.(5).cnf.cdb                                                     ;
; db/__dse_temp_rev.(5).cnf.hdb                                                     ;
; db/__dse_temp_rev.(6).cnf.cdb                                                     ;
; db/__dse_temp_rev.(6).cnf.hdb                                                     ;
; db/__dse_temp_rev.(7).cnf.cdb                                                     ;
; db/__dse_temp_rev.(7).cnf.hdb                                                     ;
; db/__dse_temp_rev.(8).cnf.cdb                                                     ;
; db/__dse_temp_rev.(8).cnf.hdb                                                     ;
; db/__dse_temp_rev.(9).cnf.cdb                                                     ;
; db/__dse_temp_rev.(9).cnf.hdb                                                     ;
; db/__dse_temp_rev.(10).cnf.cdb                                                    ;
; db/__dse_temp_rev.(10).cnf.hdb                                                    ;
; db/__dse_temp_rev.(11).cnf.cdb                                                    ;
; db/__dse_temp_rev.(11).cnf.hdb                                                    ;
; db/__dse_temp_rev.(12).cnf.cdb                                                    ;
; db/__dse_temp_rev.(12).cnf.hdb                                                    ;
; db/__dse_temp_rev.(13).cnf.cdb                                                    ;
; db/__dse_temp_rev.(13).cnf.hdb                                                    ;
; db/__dse_temp_rev.(14).cnf.cdb                                                    ;
; db/__dse_temp_rev.(14).cnf.hdb                                                    ;
; db/__dse_temp_rev.(15).cnf.cdb                                                    ;
; db/__dse_temp_rev.(15).cnf.hdb                                                    ;
; db/__dse_temp_rev.(16).cnf.cdb                                                    ;
; db/__dse_temp_rev.(16).cnf.hdb                                                    ;
; db/__dse_temp_rev.(17).cnf.cdb                                                    ;
; db/__dse_temp_rev.(17).cnf.hdb                                                    ;
; db/__dse_temp_rev.(18).cnf.cdb                                                    ;
; db/__dse_temp_rev.(18).cnf.hdb                                                    ;
; db/__dse_temp_rev.(19).cnf.cdb                                                    ;
; db/__dse_temp_rev.(19).cnf.hdb                                                    ;
; db/__dse_temp_rev.(20).cnf.cdb                                                    ;
; db/__dse_temp_rev.(20).cnf.hdb                                                    ;
; db/__dse_temp_rev.(21).cnf.cdb                                                    ;
; db/__dse_temp_rev.(21).cnf.hdb                                                    ;
; db/__dse_temp_rev.(22).cnf.cdb                                                    ;
; db/__dse_temp_rev.(22).cnf.hdb                                                    ;
; db/__dse_temp_rev.(23).cnf.cdb                                                    ;
; db/__dse_temp_rev.(23).cnf.hdb                                                    ;
; db/__dse_temp_rev.(24).cnf.cdb                                                    ;
; db/__dse_temp_rev.(24).cnf.hdb                                                    ;
; db/__dse_temp_rev.(25).cnf.cdb                                                    ;
; db/__dse_temp_rev.(25).cnf.hdb                                                    ;
; db/__dse_temp_rev.(26).cnf.cdb                                                    ;
; db/__dse_temp_rev.(26).cnf.hdb                                                    ;
; db/__dse_temp_rev.(27).cnf.cdb                                                    ;
; db/__dse_temp_rev.(27).cnf.hdb                                                    ;
; db/__dse_temp_rev.(28).cnf.cdb                                                    ;
; db/__dse_temp_rev.(28).cnf.hdb                                                    ;
; db/__dse_temp_rev.(29).cnf.cdb                                                    ;
; db/__dse_temp_rev.(29).cnf.hdb                                                    ;
; db/__dse_temp_rev.(30).cnf.cdb                                                    ;
; db/__dse_temp_rev.(30).cnf.hdb                                                    ;
; db/__dse_temp_rev.(31).cnf.cdb                                                    ;
; db/__dse_temp_rev.(31).cnf.hdb                                                    ;
; db/__dse_temp_rev.(32).cnf.cdb                                                    ;
; db/__dse_temp_rev.(32).cnf.hdb                                                    ;
; db/__dse_temp_rev.(33).cnf.cdb                                                    ;
; db/__dse_temp_rev.(33).cnf.hdb                                                    ;
; db/__dse_temp_rev.(34).cnf.cdb                                                    ;
; db/__dse_temp_rev.(34).cnf.hdb                                                    ;
; db/__dse_temp_rev.(35).cnf.cdb                                                    ;
; db/__dse_temp_rev.(35).cnf.hdb                                                    ;
; db/__dse_temp_rev.(36).cnf.cdb                                                    ;
; db/__dse_temp_rev.(36).cnf.hdb                                                    ;
; db/__dse_temp_rev.(37).cnf.cdb                                                    ;
; db/__dse_temp_rev.(37).cnf.hdb                                                    ;
; db/__dse_temp_rev.(38).cnf.cdb                                                    ;
; db/__dse_temp_rev.(38).cnf.hdb                                                    ;
; db/__dse_temp_rev.(39).cnf.cdb                                                    ;
; db/__dse_temp_rev.(39).cnf.hdb                                                    ;
; db/__dse_temp_rev.(40).cnf.cdb                                                    ;
; db/__dse_temp_rev.(40).cnf.hdb                                                    ;
; db/__dse_temp_rev.(41).cnf.cdb                                                    ;
; db/__dse_temp_rev.(41).cnf.hdb                                                    ;
; db/__dse_temp_rev.(42).cnf.cdb                                                    ;
; db/__dse_temp_rev.(42).cnf.hdb                                                    ;
; db/__dse_temp_rev.(43).cnf.cdb                                                    ;
; db/__dse_temp_rev.(43).cnf.hdb                                                    ;
; db/__dse_temp_rev.(44).cnf.cdb                                                    ;
; db/__dse_temp_rev.(44).cnf.hdb                                                    ;
; db/__dse_temp_rev.(45).cnf.cdb                                                    ;
; db/__dse_temp_rev.(45).cnf.hdb                                                    ;
; db/__dse_temp_rev.(46).cnf.cdb                                                    ;
; db/__dse_temp_rev.(46).cnf.hdb                                                    ;
; db/__dse_temp_rev.(47).cnf.cdb                                                    ;
; db/__dse_temp_rev.(47).cnf.hdb                                                    ;
; db/__dse_temp_rev.(48).cnf.cdb                                                    ;
; db/__dse_temp_rev.(48).cnf.hdb                                                    ;
; db/__dse_temp_rev.(49).cnf.cdb                                                    ;
; db/__dse_temp_rev.(49).cnf.hdb                                                    ;
; db/__dse_temp_rev.(50).cnf.cdb                                                    ;
; db/__dse_temp_rev.(50).cnf.hdb                                                    ;
; db/__dse_temp_rev.(51).cnf.cdb                                                    ;
; db/__dse_temp_rev.(51).cnf.hdb                                                    ;
; db/__dse_temp_rev.(52).cnf.cdb                                                    ;
; db/__dse_temp_rev.(52).cnf.hdb                                                    ;
; db/__dse_temp_rev.(53).cnf.cdb                                                    ;
; db/__dse_temp_rev.(53).cnf.hdb                                                    ;
; db/__dse_temp_rev.(54).cnf.cdb                                                    ;
; db/__dse_temp_rev.(54).cnf.hdb                                                    ;
; db/__dse_temp_rev.(55).cnf.cdb                                                    ;
; db/__dse_temp_rev.(55).cnf.hdb                                                    ;
; db/__dse_temp_rev.(56).cnf.cdb                                                    ;
; db/__dse_temp_rev.(56).cnf.hdb                                                    ;
; db/__dse_temp_rev.(57).cnf.cdb                                                    ;
; db/__dse_temp_rev.(57).cnf.hdb                                                    ;
; db/__dse_temp_rev.(58).cnf.cdb                                                    ;
; db/__dse_temp_rev.(58).cnf.hdb                                                    ;
; db/__dse_temp_rev.(59).cnf.cdb                                                    ;
; db/__dse_temp_rev.(59).cnf.hdb                                                    ;
; db/__dse_temp_rev.(60).cnf.cdb                                                    ;
; db/__dse_temp_rev.(60).cnf.hdb                                                    ;
; db/__dse_temp_rev.(61).cnf.cdb                                                    ;
; db/__dse_temp_rev.(61).cnf.hdb                                                    ;
; db/__dse_temp_rev.(62).cnf.cdb                                                    ;
; db/__dse_temp_rev.(62).cnf.hdb                                                    ;
; db/__dse_temp_rev.(63).cnf.cdb                                                    ;
; db/__dse_temp_rev.(63).cnf.hdb                                                    ;
; db/__dse_temp_rev.(64).cnf.cdb                                                    ;
; db/__dse_temp_rev.(64).cnf.hdb                                                    ;
; db/__dse_temp_rev.(65).cnf.cdb                                                    ;
; db/__dse_temp_rev.(65).cnf.hdb                                                    ;
; db/__dse_temp_rev.(66).cnf.cdb                                                    ;
; db/__dse_temp_rev.(66).cnf.hdb                                                    ;
; db/__dse_temp_rev.(67).cnf.cdb                                                    ;
; db/__dse_temp_rev.(67).cnf.hdb                                                    ;
; db/__dse_temp_rev.(68).cnf.cdb                                                    ;
; db/__dse_temp_rev.(68).cnf.hdb                                                    ;
; db/__dse_temp_rev.(69).cnf.cdb                                                    ;
; db/__dse_temp_rev.(69).cnf.hdb                                                    ;
; db/__dse_temp_rev.(70).cnf.cdb                                                    ;
; db/__dse_temp_rev.(70).cnf.hdb                                                    ;
; db/__dse_temp_rev.(71).cnf.cdb                                                    ;
; db/__dse_temp_rev.(71).cnf.hdb                                                    ;
; db/__dse_temp_rev.(72).cnf.cdb                                                    ;
; db/__dse_temp_rev.(72).cnf.hdb                                                    ;
; db/__dse_temp_rev.(73).cnf.cdb                                                    ;
; db/__dse_temp_rev.(73).cnf.hdb                                                    ;
; db/__dse_temp_rev.archive.qmsg                                                    ;
; db/__dse_temp_rev.asm.qmsg                                                        ;
; db/__dse_temp_rev.asm.rdb                                                         ;
; db/__dse_temp_rev.asm_labs.ddb                                                    ;
; db/__dse_temp_rev.cbx.xml                                                         ;
; db/__dse_temp_rev.cmp.bpm                                                         ;
; db/__dse_temp_rev.cmp.cdb                                                         ;
; db/__dse_temp_rev.cmp.hdb                                                         ;
; db/__dse_temp_rev.cmp.idb                                                         ;
; db/__dse_temp_rev.cmp.kpt                                                         ;
; db/__dse_temp_rev.cmp.logdb                                                       ;
; db/__dse_temp_rev.cmp.rdb                                                         ;
; db/__dse_temp_rev.cmp0.ddb                                                        ;
; db/__dse_temp_rev.cmp1.ddb                                                        ;
; db/__dse_temp_rev.cmp_merge.kpt                                                   ;
; db/__dse_temp_rev.cycloneive_io_sim_cache.31um_ff_1200mv_0c_fast.hsd              ;
; db/__dse_temp_rev.cycloneive_io_sim_cache.31um_tt_1200mv_0c_slow.hsd              ;
; db/__dse_temp_rev.cycloneive_io_sim_cache.31um_tt_1200mv_85c_slow.hsd             ;
; db/__dse_temp_rev.db_info                                                         ;
; db/__dse_temp_rev.drc.qmsg                                                        ;
; db/__dse_temp_rev.eda.qmsg                                                        ;
; db/__dse_temp_rev.eds_overflow                                                    ;
; db/__dse_temp_rev.fit.qmsg                                                        ;
; db/__dse_temp_rev.fnsim.hdb                                                       ;
; db/__dse_temp_rev.fnsim.qmsg                                                      ;
; db/__dse_temp_rev.hier_info                                                       ;
; db/__dse_temp_rev.hif                                                             ;
; db/__dse_temp_rev.ipinfo                                                          ;
; db/__dse_temp_rev.lpc.html                                                        ;
; db/__dse_temp_rev.lpc.rdb                                                         ;
; db/__dse_temp_rev.lpc.txt                                                         ;
; db/__dse_temp_rev.map.ammdb                                                       ;
; db/__dse_temp_rev.map.bpm                                                         ;
; db/__dse_temp_rev.map.cdb                                                         ;
; db/__dse_temp_rev.map.hdb                                                         ;
; db/__dse_temp_rev.map.kpt                                                         ;
; db/__dse_temp_rev.map.logdb                                                       ;
; db/__dse_temp_rev.map.qmsg                                                        ;
; db/__dse_temp_rev.map.rdb                                                         ;
; db/__dse_temp_rev.map_bb.cdb                                                      ;
; db/__dse_temp_rev.map_bb.hdb                                                      ;
; db/__dse_temp_rev.map_bb.logdb                                                    ;
; db/__dse_temp_rev.mif_update.qmsg                                                 ;
; db/__dse_temp_rev.pow.qmsg                                                        ;
; db/__dse_temp_rev.pplq.rdb                                                        ;
; db/__dse_temp_rev.pre_map.hdb                                                     ;
; db/__dse_temp_rev.pti_db_list.ddb                                                 ;
; db/__dse_temp_rev.ram0_IMEM_257482.hdl.mif                                        ;
; db/__dse_temp_rev.root_partition.map.reg_db.cdb                                   ;
; db/__dse_temp_rev.routing.rdb                                                     ;
; db/__dse_temp_rev.rtlv.hdb                                                        ;
; db/__dse_temp_rev.rtlv_sg.cdb                                                     ;
; db/__dse_temp_rev.rtlv_sg_swap.cdb                                                ;
; db/__dse_temp_rev.sgdiff.cdb                                                      ;
; db/__dse_temp_rev.sgdiff.hdb                                                      ;
; db/__dse_temp_rev.sim.hdb                                                         ;
; db/__dse_temp_rev.sim.qmsg                                                        ;
; db/__dse_temp_rev.sim.rdb                                                         ;
; db/__dse_temp_rev.sim.vwf                                                         ;
; db/__dse_temp_rev.simfam                                                          ;
; db/__dse_temp_rev.sld_design_entry.sci                                            ;
; db/__dse_temp_rev.sld_design_entry_dsc.sci                                        ;
; db/__dse_temp_rev.smart_action.txt                                                ;
; db/__dse_temp_rev.sta.qmsg                                                        ;
; db/__dse_temp_rev.sta.rdb                                                         ;
; db/__dse_temp_rev.sta_cmp.6_slow.tdb                                              ;
; db/__dse_temp_rev.stingray_io_sim_cache.45um_ff_1200mv_n40c_fast.hsd              ;
; db/__dse_temp_rev.stingray_io_sim_cache.45um_ii_1200mv_100c_slow.hsd              ;
; db/__dse_temp_rev.stingray_io_sim_cache.45um_ii_1200mv_n40c_slow.hsd              ;
; db/__dse_temp_rev.syn_hier_info                                                   ;
; db/__dse_temp_rev.tis_db_list.ddb                                                 ;
; db/__dse_temp_rev.vpr.ammdb                                                       ;
; decoder532.bdf                                                                    ;
; decoder532e.bdf                                                                   ;
; dmem.vwf                                                                          ;
; EX_MEM.bdf                                                                        ;
; EX_MEM_control.bdf                                                                ;
; Extend16to32.bdf                                                                  ;
; fowading.vwf                                                                      ;
; FowardingUnit.bdf                                                                 ;
; HazardDetectionUnit.bdf                                                           ;
; ID_EX.bdf                                                                         ;
; ID_EX_control.bdf                                                                 ;
; IF_ID.bdf                                                                         ;
; IMEM.v                                                                            ;
; incremental_db/compiled_partitions/__dse_temp_rev.db_info                         ;
; incremental_db/compiled_partitions/__dse_temp_rev.root_partition.cmp.cdb          ;
; incremental_db/compiled_partitions/__dse_temp_rev.root_partition.cmp.dfp          ;
; incremental_db/compiled_partitions/__dse_temp_rev.root_partition.cmp.hdb          ;
; incremental_db/compiled_partitions/__dse_temp_rev.root_partition.cmp.kpt          ;
; incremental_db/compiled_partitions/__dse_temp_rev.root_partition.cmp.logdb        ;
; incremental_db/compiled_partitions/__dse_temp_rev.root_partition.cmp.rcfdb        ;
; incremental_db/compiled_partitions/__dse_temp_rev.root_partition.map.cdb          ;
; incremental_db/compiled_partitions/__dse_temp_rev.root_partition.map.dpi          ;
; incremental_db/compiled_partitions/__dse_temp_rev.root_partition.map.hbdb.cdb     ;
; incremental_db/compiled_partitions/__dse_temp_rev.root_partition.map.hbdb.hb_info ;
; incremental_db/compiled_partitions/__dse_temp_rev.root_partition.map.hbdb.hdb     ;
; incremental_db/compiled_partitions/__dse_temp_rev.root_partition.map.hbdb.sig     ;
; incremental_db/compiled_partitions/__dse_temp_rev.root_partition.map.hdb          ;
; incremental_db/compiled_partitions/__dse_temp_rev.root_partition.map.kpt          ;
; ITypeControl.bdf                                                                  ;
; lab6.qpf                                                                          ;
; lab6.qsf                                                                          ;
; lpm_add_sub1.bsf                                                                  ;
; lpm_add_sub1.qip                                                                  ;
; lpm_add_sub1.v                                                                    ;
; lpm_add_sub1_bb.v                                                                 ;
; lpm_add_sub2.bsf                                                                  ;
; lpm_add_sub2.qip                                                                  ;
; lpm_add_sub2.v                                                                    ;
; lpm_add_sub2_bb.v                                                                 ;
; lpm_compare0.bsf                                                                  ;
; lpm_compare0.qip                                                                  ;
; lpm_compare0.v                                                                    ;
; lpm_compare0_bb.v                                                                 ;
; MEM_WB.bdf                                                                        ;
; MEM_WB_control.bdf                                                                ;
; mux21.bdf                                                                         ;
; mux21_4.bdf                                                                       ;
; mux21_5.bdf                                                                       ;
; mux21_6.bdf                                                                       ;
; mux21_32.bdf                                                                      ;
; mux31.bdf                                                                         ;
; mux31_32.bdf                                                                      ;
; mux41_32.bdf                                                                      ;
; nor32.bdf                                                                         ;
; not32.bdf                                                                         ;
; output_files/__dse_temp_rev.asm.rpt                                               ;
; output_files/__dse_temp_rev.drc.rpt                                               ;
; output_files/__dse_temp_rev.eda.rpt                                               ;
; output_files/__dse_temp_rev.fit.rpt                                               ;
; output_files/__dse_temp_rev.fit.smsg                                              ;
; output_files/__dse_temp_rev.fit.summary                                           ;
; output_files/__dse_temp_rev.flow.rpt                                              ;
; output_files/__dse_temp_rev.jdi                                                   ;
; output_files/__dse_temp_rev.map.rpt                                               ;
; output_files/__dse_temp_rev.map.summary                                           ;
; output_files/__dse_temp_rev.pin                                                   ;
; output_files/__dse_temp_rev.pof                                                   ;
; output_files/__dse_temp_rev.sof                                                   ;
; output_files/__dse_temp_rev.sta.rpt                                               ;
; output_files/__dse_temp_rev.sta.summary                                           ;
; PC.bdf                                                                            ;
; PG4.bdf                                                                           ;
; ram_cell.bdf                                                                      ;
; ram_cell32.bdf                                                                    ;
; reg.vwf                                                                           ;
; reg_cell.bdf                                                                      ;
; regcell32.bdf                                                                     ;
; Register5.bdf                                                                     ;
; register5_clr.bdf                                                                 ;
; register6.bdf                                                                     ;
; register6_clr.bdf                                                                 ;
; register32.bdf                                                                    ;
; register32_clr.bdf                                                                ;
; register32e.bdf                                                                   ;
; register32e_clr.bdf                                                               ;
; Registers.bdf                                                                     ;
; rfc.vwf                                                                           ;
; RTypeControl.bdf                                                                  ;
; Shifter.bdf                                                                       ;
; SHIFTER.vwf                                                                       ;
; Shiftleft2.bdf                                                                    ;
; temp.bdf                                                                          ;
; xnor2-5.bdf                                                                       ;
; Zero.bdf                                                                          ;
; Zero32.bdf                                                                        ;
+-----------------------------------------------------------------------------------+


